2023-04-09 14:25:10,738 INFO  [Log4j] **************************************************************************************** 
2023-04-09 14:25:10,738 INFO  [Log4j] **************************************************************************************** 
2023-04-09 14:25:10,738 INFO  [Log4j] $$$$$$$$$$$$$$$$$$$$$                 getMethodwithPathParam       $$$$$$$$$$$$$$$$$$$$$$$$$ 
2023-04-09 14:25:10,738 INFO  [Log4j] **************************************************************************************** 
2023-04-09 14:25:10,738 INFO  [Log4j] **************************************************************************************** 
2023-04-09 14:25:11,078 INFO  [Log4j] {
    "page": 2,
    "per_page": 6,
    "total": 12,
    "total_pages": 2,
    "data": [
        {
            "id": 7,
            "email": "michael.lawson@reqres.in",
            "first_name": "Michael",
            "last_name": "Lawson",
            "avatar": "https://reqres.in/img/faces/7-image.jpg"
        },
        {
            "id": 8,
            "email": "lindsay.ferguson@reqres.in",
            "first_name": "Lindsay",
            "last_name": "Ferguson",
            "avatar": "https://reqres.in/img/faces/8-image.jpg"
        },
        {
            "id": 9,
            "email": "tobias.funke@reqres.in",
            "first_name": "Tobias",
            "last_name": "Funke",
            "avatar": "https://reqres.in/img/faces/9-image.jpg"
        },
        {
            "id": 10,
            "email": "byron.fields@reqres.in",
            "first_name": "Byron",
            "last_name": "Fields",
            "avatar": "https://reqres.in/img/faces/10-image.jpg"
        },
        {
            "id": 11,
            "email": "george.edwards@reqres.in",
            "first_name": "George",
            "last_name": "Edwards",
            "avatar": "https://reqres.in/img/faces/11-image.jpg"
        },
        {
            "id": 12,
            "email": "rachel.howell@reqres.in",
            "first_name": "Rachel",
            "last_name": "Howell",
            "avatar": "https://reqres.in/img/faces/12-image.jpg"
        }
    ],
    "support": {
        "url": "https://reqres.in/#support-heading",
        "text": "To keep ReqRes free, contributions towards server costs are appreciated!"
    }
} 
2023-04-09 14:26:16,418 INFO  [Log4j] **************************************************************************************** 
2023-04-09 14:26:16,420 INFO  [Log4j] **************************************************************************************** 
2023-04-09 14:26:16,420 INFO  [Log4j] $$$$$$$$$$$$$$$$$$$$$                 PostMethod       $$$$$$$$$$$$$$$$$$$$$$$$$ 
2023-04-09 14:26:16,420 INFO  [Log4j] **************************************************************************************** 
2023-04-09 14:26:16,420 INFO  [Log4j] **************************************************************************************** 
2023-04-09 14:26:18,923 INFO  [Log4j] {
    "name": "morpheus",
    "job": "leader",
    "id": "578",
    "createdAt": "2023-04-09T08:56:19.587Z"
} 
2023-04-09 14:26:34,568 INFO  [Log4j] **************************************************************************************** 
2023-04-09 14:26:34,569 INFO  [Log4j] **************************************************************************************** 
2023-04-09 14:26:34,569 INFO  [Log4j] $$$$$$$$$$$$$$$$$$$$$                 getMethodwithPathParam       $$$$$$$$$$$$$$$$$$$$$$$$$ 
2023-04-09 14:26:34,569 INFO  [Log4j] **************************************************************************************** 
2023-04-09 14:26:34,569 INFO  [Log4j] **************************************************************************************** 
2023-04-09 14:26:36,561 INFO  [Log4j] {
    "page": 2,
    "per_page": 6,
    "total": 12,
    "total_pages": 2,
    "data": [
        {
            "id": 7,
            "email": "michael.lawson@reqres.in",
            "first_name": "Michael",
            "last_name": "Lawson",
            "avatar": "https://reqres.in/img/faces/7-image.jpg"
        },
        {
            "id": 8,
            "email": "lindsay.ferguson@reqres.in",
            "first_name": "Lindsay",
            "last_name": "Ferguson",
            "avatar": "https://reqres.in/img/faces/8-image.jpg"
        },
        {
            "id": 9,
            "email": "tobias.funke@reqres.in",
            "first_name": "Tobias",
            "last_name": "Funke",
            "avatar": "https://reqres.in/img/faces/9-image.jpg"
        },
        {
            "id": 10,
            "email": "byron.fields@reqres.in",
            "first_name": "Byron",
            "last_name": "Fields",
            "avatar": "https://reqres.in/img/faces/10-image.jpg"
        },
        {
            "id": 11,
            "email": "george.edwards@reqres.in",
            "first_name": "George",
            "last_name": "Edwards",
            "avatar": "https://reqres.in/img/faces/11-image.jpg"
        },
        {
            "id": 12,
            "email": "rachel.howell@reqres.in",
            "first_name": "Rachel",
            "last_name": "Howell",
            "avatar": "https://reqres.in/img/faces/12-image.jpg"
        }
    ],
    "support": {
        "url": "https://reqres.in/#support-heading",
        "text": "To keep ReqRes free, contributions towards server costs are appreciated!"
    }
} 
2023-04-09 14:27:45,769 INFO  [Log4j] **************************************************************************************** 
2023-04-09 14:27:45,770 INFO  [Log4j] **************************************************************************************** 
2023-04-09 14:27:45,770 INFO  [Log4j] $$$$$$$$$$$$$$$$$$$$$                 getMethodwithPathParam       $$$$$$$$$$$$$$$$$$$$$$$$$ 
2023-04-09 14:27:45,770 INFO  [Log4j] **************************************************************************************** 
2023-04-09 14:27:45,770 INFO  [Log4j] **************************************************************************************** 
2023-04-09 15:01:07,647 INFO  [Log4j] **************************************************************************************** 
2023-04-09 15:01:07,648 INFO  [Log4j] **************************************************************************************** 
2023-04-09 15:01:07,648 INFO  [Log4j] $$$$$$$$$$$$$$$$$$$$$                 getMethodwithPathParam       $$$$$$$$$$$$$$$$$$$$$$$$$ 
2023-04-09 15:01:07,648 INFO  [Log4j] **************************************************************************************** 
2023-04-09 15:01:07,648 INFO  [Log4j] **************************************************************************************** 
2023-04-09 15:01:46,386 INFO  [Log4j] **************************************************************************************** 
2023-04-09 15:01:46,387 INFO  [Log4j] **************************************************************************************** 
2023-04-09 15:01:46,387 INFO  [Log4j] $$$$$$$$$$$$$$$$$$$$$                 PostMethod       $$$$$$$$$$$$$$$$$$$$$$$$$ 
2023-04-09 15:01:46,387 INFO  [Log4j] **************************************************************************************** 
2023-04-09 15:01:46,387 INFO  [Log4j] **************************************************************************************** 
2023-04-09 15:01:48,925 INFO  [Log4j] {
    "name": "morpheus",
    "job": "leader",
    "id": "72",
    "createdAt": "2023-04-09T09:31:49.609Z"
} 
2023-04-09 15:01:48,954 INFO  [Log4j] **************************************************************************************** 
2023-04-09 15:01:48,954 INFO  [Log4j] **************************************************************************************** 
2023-04-09 15:01:48,954 INFO  [Log4j] $$$$$$$$$$$$$$$$$$$$$                 getMethodwithPathParam       $$$$$$$$$$$$$$$$$$$$$$$$$ 
2023-04-09 15:01:48,954 INFO  [Log4j] **************************************************************************************** 
2023-04-09 15:01:48,954 INFO  [Log4j] **************************************************************************************** 
2023-04-09 15:01:49,188 INFO  [Log4j] {
    "page": 2,
    "per_page": 6,
    "total": 12,
    "total_pages": 2,
    "data": [
        {
            "id": 7,
            "email": "michael.lawson@reqres.in",
            "first_name": "Michael",
            "last_name": "Lawson",
            "avatar": "https://reqres.in/img/faces/7-image.jpg"
        },
        {
            "id": 8,
            "email": "lindsay.ferguson@reqres.in",
            "first_name": "Lindsay",
            "last_name": "Ferguson",
            "avatar": "https://reqres.in/img/faces/8-image.jpg"
        },
        {
            "id": 9,
            "email": "tobias.funke@reqres.in",
            "first_name": "Tobias",
            "last_name": "Funke",
            "avatar": "https://reqres.in/img/faces/9-image.jpg"
        },
        {
            "id": 10,
            "email": "byron.fields@reqres.in",
            "first_name": "Byron",
            "last_name": "Fields",
            "avatar": "https://reqres.in/img/faces/10-image.jpg"
        },
        {
            "id": 11,
            "email": "george.edwards@reqres.in",
            "first_name": "George",
            "last_name": "Edwards",
            "avatar": "https://reqres.in/img/faces/11-image.jpg"
        },
        {
            "id": 12,
            "email": "rachel.howell@reqres.in",
            "first_name": "Rachel",
            "last_name": "Howell",
            "avatar": "https://reqres.in/img/faces/12-image.jpg"
        }
    ],
    "support": {
        "url": "https://reqres.in/#support-heading",
        "text": "To keep ReqRes free, contributions towards server costs are appreciated!"
    }
} 
